<?xml version="1.0" encoding="UTF-8"?>
<!-- Generated by org.testng.reporters.JUnitXMLReporter -->
<testsuite hostname="Admin-PC" ignored="2" name="Default test" tests="1" failures="0" timestamp="26 Feb 2020 20:53:55 GMT" time="38.598" errors="0">
  <testcase name="buyDress" time="28.001" classname="com.automationpratice.login.LoginpageTest"/>
  <testcase name="createAccount" time="0.0" classname="com.automationpratice.login.LoginpageTest">
    <ignored/>
  </testcase> <!-- createAccount -->
  <testcase name="ReturnUserSign" time="0.0" classname="com.automationpratice.login.LoginpageTest">
    <ignored/>
  </testcase> <!-- ReturnUserSign -->
</testsuite> <!-- Default test -->
