<?xml version="1.0" encoding="UTF-8"?>
<!-- Generated by org.testng.reporters.JUnitXMLReporter -->
<testsuite hostname="Admin-PC" ignored="0" name="Test" tests="3" failures="0" timestamp="26 Feb 2020 20:58:40 GMT" time="64.937" errors="0">
  <testcase name="createAccount" time="11.49" classname="com.automationpratice.login.LoginpageTest"/>
  <testcase name="ReturnUserSign" time="6.353" classname="com.automationpratice.login.LoginpageTest"/>
  <testcase name="buyDress" time="27.702" classname="com.automationpratice.login.LoginpageTest"/>
</testsuite> <!-- Test -->
